<?xml version="1.0" encoding="utf-8" standalone="no"?>
<!--This file represents the results of running a test suite-->
<test-results name="C:\Users\Aswartha\Desktop\books\GalaxyGuide\NewUnitTest.nunit" total="10" errors="0" failures="0" not-run="0" inconclusive="0" ignored="0" skipped="0" invalid="0" date="2014-11-16" time="08:31:52">
  <environment nunit-version="2.6.3.13283" clr-version="2.0.50727.5485" os-version="Microsoft Windows NT 6.1.7601 Service Pack 1" platform="Win32NT" cwd="C:\Users\Aswartha\Desktop\books\GalaxyGuide\packages\NUnit.Runners.2.6.3\tools" machine-name="ASWARTHA-PC" user="Aswartha" user-domain="Aswartha-PC" />
  <culture-info current-culture="en-IN" current-uiculture="en-US" />
  <test-suite type="Project" name="C:\Users\Aswartha\Desktop\books\GalaxyGuide\NewUnitTest.nunit" executed="True" result="Success" success="True" time="0.109" asserts="0">
    <results>
      <test-suite type="Assembly" name="C:\Users\Aswartha\Desktop\books\GalaxyGuide\GalaxyUnitTests\bin\Debug\GalaxyUnitTests.dll" executed="True" result="Success" success="True" time="0.108" asserts="0">
        <results>
          <test-suite type="Namespace" name="GalaxyUnitTests" executed="True" result="Success" success="True" time="0.107" asserts="0">
            <results>
              <test-suite type="TestFixture" name="CompleteTest" executed="True" result="Success" success="True" time="0.006" asserts="0">
                <results>
                  <test-suite type="ParameterizedTest" name="CompleteTests" executed="True" result="Success" success="True" time="0.005" asserts="0">
                    <results>
                      <test-case name="GalaxyUnitTests.CompleteTest.CompleteTests()" description="Complete set of tests" executed="True" result="Success" success="True" time="0.003" asserts="12" />
                    </results>
                  </test-suite>
                </results>
              </test-suite>
              <test-suite type="TestFixture" name="GalacticalCreditsTests" executed="True" result="Success" success="True" time="0.012" asserts="0">
                <results>
                  <test-suite type="ParameterizedTest" name="InvalidCredits" executed="True" result="Success" success="True" time="0.002" asserts="0">
                    <results>
                      <test-case name="GalaxyUnitTests.GalacticalCreditsTests.InvalidCredits()" description="Calculate credits with invalid keywords" executed="True" result="Success" success="True" time="0.001" asserts="6" />
                    </results>
                  </test-suite>
                  <test-suite type="ParameterizedTest" name="ValidCredits" executed="True" result="Success" success="True" time="0.002" asserts="0">
                    <results>
                      <test-case name="GalaxyUnitTests.GalacticalCreditsTests.ValidCredits()" description="Calculate credits with invalid keywords" executed="True" result="Success" success="True" time="0.000" asserts="3" />
                    </results>
                  </test-suite>
                </results>
              </test-suite>
              <test-suite type="TestFixture" name="GalacticalUnitTests" executed="True" result="Success" success="True" time="0.039" asserts="0">
                <results>
                  <test-suite type="ParameterizedTest" name="AssignInvalidWord" executed="True" result="Success" success="True" time="0.002" asserts="0">
                    <results>
                      <test-case name="GalaxyUnitTests.GalacticalUnitTests.AssignInvalidWord()" description="Assign invalid Roamns to any new keywords Test Cases" executed="True" result="Success" success="True" time="0.001" asserts="2" />
                    </results>
                  </test-suite>
                  <test-suite type="ParameterizedTest" name="AssignWord" executed="True" result="Success" success="True" time="0.002" asserts="0">
                    <results>
                      <test-case name="GalaxyUnitTests.GalacticalUnitTests.AssignWord()" description="Assign Roamns to any new keywords Test Cases" executed="True" result="Success" success="True" time="0.000" asserts="3" />
                    </results>
                  </test-suite>
                  <test-suite type="ParameterizedTest" name="GetGlacticValues" executed="True" result="Success" success="True" time="0.002" asserts="0">
                    <results>
                      <test-case name="GalaxyUnitTests.GalacticalUnitTests.GetGlacticValues()" description="Test valid galctical values already saved" executed="True" result="Success" success="True" time="0.001" asserts="3" />
                    </results>
                  </test-suite>
                  <test-suite type="ParameterizedTest" name="GetInvalidGlacticValues" executed="True" result="Success" success="True" time="0.002" asserts="0">
                    <results>
                      <test-case name="GalaxyUnitTests.GalacticalUnitTests.GetInvalidGlacticValues()" description="Test invalid galctical values already saved" executed="True" result="Success" success="True" time="0.001" asserts="2" />
                    </results>
                  </test-suite>
                  <test-suite type="ParameterizedTest" name="UpdateWord" executed="True" result="Success" success="True" time="0.002" asserts="0">
                    <results>
                      <test-case name="GalaxyUnitTests.GalacticalUnitTests.UpdateWord()" description="Updating the key word if already exists." executed="True" result="Success" success="True" time="0.000" asserts="2" />
                    </results>
                  </test-suite>
                </results>
              </test-suite>
              <test-suite type="TestFixture" name="RomanNumberTest" executed="True" result="Success" success="True" time="0.014" asserts="0">
                <results>
                  <test-suite type="ParameterizedTest" name="InvalidRomanTests" executed="True" result="Success" success="True" time="0.003" asserts="0">
                    <results>
                      <test-case name="GalaxyUnitTests.RomanNumberTest.InvalidRomanTests()" description="Invalid roman number tests" executed="True" result="Success" success="True" time="0.001" asserts="4" />
                    </results>
                  </test-suite>
                  <test-suite type="ParameterizedTest" name="ValidRomanTests" executed="True" result="Success" success="True" time="0.002" asserts="0">
                    <results>
                      <test-case name="GalaxyUnitTests.RomanNumberTest.ValidRomanTests()" description="Invalid roman number tests" executed="True" result="Success" success="True" time="0.001" asserts="2" />
                    </results>
                  </test-suite>
                </results>
              </test-suite>
            </results>
          </test-suite>
        </results>
      </test-suite>
    </results>
  </test-suite>
</test-results>